<?xml version="1.0" encoding="UTF-8"?>
<testsuite name="com.test.MatrixMathematicsTest" tests="4" skipped="0" failures="0" errors="0" timestamp="2019-12-15T11:05:17" hostname="DESKTOP-L414I0S" time="0.015">
  <properties/>
  <testcase name="testDeterminant" classname="com.test.MatrixMathematicsTest" time="0.01"/>
  <testcase name="testCofactor" classname="com.test.MatrixMathematicsTest" time="0.003"/>
  <testcase name="testInverse" classname="com.test.MatrixMathematicsTest" time="0.0"/>
  <testcase name="testTranspose" classname="com.test.MatrixMathematicsTest" time="0.0"/>
  <system-out><![CDATA[]]></system-out>
  <system-err><![CDATA[]]></system-err>
</testsuite>
